<?xml version="1.0" encoding="UTF-8"?>
<testng-results ignored="0" total="1" passed="1" failed="0" skipped="0">
  <reporter-output>
  </reporter-output>
  <suite started-at="2021-02-28T17:52:25 IST" name="InetBankingV1" finished-at="2021-02-28T17:52:41 IST" duration-ms="16288">
    <groups>
    </groups>
    <test started-at="2021-02-28T17:52:25 IST" name="BankingApp Test" finished-at="2021-02-28T17:52:41 IST" duration-ms="16288">
      <class name="com.inetbanking.testCases.TC_LoginTest_001">
        <test-method is-config="true" signature="setUP(java.lang.String)[pri:0, instance:com.inetbanking.testCases.TC_LoginTest_001@49e53c76]" started-at="2021-02-28T17:52:26 IST" name="setUP" finished-at="2021-02-28T17:52:35 IST" duration-ms="8645" status="PASS">
          <params>
            <param index="0">
              <value>
                <![CDATA[chrome]]>
              </value>
            </param>
          </params>
          <reporter-output>
          </reporter-output>
        </test-method> <!-- setUP -->
        <test-method signature="loginTest()[pri:0, instance:com.inetbanking.testCases.TC_LoginTest_001@49e53c76]" started-at="2021-02-28T17:52:35 IST" name="loginTest" finished-at="2021-02-28T17:52:40 IST" duration-ms="5479" status="PASS">
          <reporter-output>
          </reporter-output>
        </test-method> <!-- loginTest -->
        <test-method is-config="true" signature="tearDown()[pri:0, instance:com.inetbanking.testCases.TC_LoginTest_001@49e53c76]" started-at="2021-02-28T17:52:40 IST" name="tearDown" finished-at="2021-02-28T17:52:41 IST" duration-ms="687" status="PASS">
          <reporter-output>
          </reporter-output>
        </test-method> <!-- tearDown -->
      </class> <!-- com.inetbanking.testCases.TC_LoginTest_001 -->
    </test> <!-- BankingApp Test -->
  </suite> <!-- InetBankingV1 -->
</testng-results>
