<?xml version="1.0" encoding="UTF-8"?>
<testng-results ignored="0" total="1" passed="1" failed="0" skipped="0">
  <reporter-output>
  </reporter-output>
  <suite started-at="2021-02-26T18:09:44 IST" name="InetBankingV1" finished-at="2021-02-26T18:09:58 IST" duration-ms="14271">
    <groups>
    </groups>
    <test started-at="2021-02-26T18:09:44 IST" name="BankingApp Test" finished-at="2021-02-26T18:09:58 IST" duration-ms="14271">
      <class name="com.inetbanking.testCases.TC_LoginTest_001">
        <test-method is-config="true" signature="setUP(java.lang.String)[pri:0, instance:com.inetbanking.testCases.TC_LoginTest_001@2ea227af]" started-at="2021-02-26T18:09:45 IST" name="setUP" finished-at="2021-02-26T18:09:53 IST" duration-ms="7489" status="PASS">
          <params>
            <param index="0">
              <value>
                <![CDATA[chrome]]>
              </value>
            </param>
          </params>
          <reporter-output>
          </reporter-output>
        </test-method> <!-- setUP -->
        <test-method signature="loginTest()[pri:0, instance:com.inetbanking.testCases.TC_LoginTest_001@2ea227af]" started-at="2021-02-26T18:09:53 IST" name="loginTest" finished-at="2021-02-26T18:09:57 IST" duration-ms="4712" status="PASS">
          <reporter-output>
          </reporter-output>
        </test-method> <!-- loginTest -->
        <test-method is-config="true" signature="tearDown()[pri:0, instance:com.inetbanking.testCases.TC_LoginTest_001@2ea227af]" started-at="2021-02-26T18:09:57 IST" name="tearDown" finished-at="2021-02-26T18:09:58 IST" duration-ms="774" status="PASS">
          <reporter-output>
          </reporter-output>
        </test-method> <!-- tearDown -->
      </class> <!-- com.inetbanking.testCases.TC_LoginTest_001 -->
    </test> <!-- BankingApp Test -->
  </suite> <!-- InetBankingV1 -->
</testng-results>
